<?xml version="1.0" encoding="UTF-8"?>
<testng-results ignored="0" total="1" passed="1" failed="0" skipped="0">
  <reporter-output>
  </reporter-output>
  <suite started-at="2023-03-01T13:43:38 IST" name="Default suite" finished-at="2023-03-01T13:44:25 IST" duration-ms="47813">
    <groups>
    </groups>
    <test started-at="2023-03-01T13:43:38 IST" name="Default test" finished-at="2023-03-01T13:44:25 IST" duration-ms="47813">
      <class name="Testscripts.FirstTest">
        <test-method is-config="true" signature="classConfiguration()[pri:0, instance:Testscripts.FirstTest@38d8f54a]" started-at="2023-03-01T13:43:38 IST" name="classConfiguration" finished-at="2023-03-01T13:43:42 IST" duration-ms="3828" status="PASS">
          <reporter-output>
          </reporter-output>
        </test-method> <!-- classConfiguration -->
        <test-method is-config="true" signature="methodConfiguration()[pri:0, instance:Testscripts.FirstTest@38d8f54a]" started-at="2023-03-01T13:43:42 IST" name="methodConfiguration" finished-at="2023-03-01T13:44:06 IST" duration-ms="24622" status="PASS">
          <reporter-output>
          </reporter-output>
        </test-method> <!-- methodConfiguration -->
        <test-method signature="firstTest()[pri:0, instance:Testscripts.FirstTest@38d8f54a]" started-at="2023-03-01T13:44:06 IST" name="firstTest" finished-at="2023-03-01T13:44:24 IST" duration-ms="18211" status="PASS">
          <reporter-output>
          </reporter-output>
        </test-method> <!-- firstTest -->
        <test-method is-config="true" signature="methodTearDown()[pri:0, instance:Testscripts.FirstTest@38d8f54a]" started-at="2023-03-01T13:44:24 IST" name="methodTearDown" finished-at="2023-03-01T13:44:25 IST" duration-ms="891" status="PASS">
          <reporter-output>
          </reporter-output>
        </test-method> <!-- methodTearDown -->
        <test-method is-config="true" signature="classTearDown()[pri:0, instance:Testscripts.FirstTest@38d8f54a]" started-at="2023-03-01T13:44:25 IST" name="classTearDown" finished-at="2023-03-01T13:44:25 IST" duration-ms="10" status="PASS">
          <reporter-output>
          </reporter-output>
        </test-method> <!-- classTearDown -->
      </class> <!-- Testscripts.FirstTest -->
    </test> <!-- Default test -->
  </suite> <!-- Default suite -->
</testng-results>
